-------------------------------------------------------------------------------
Test set: releases.Feb2026_Regression_DemoQA.ElementsPageRegressionTest
-------------------------------------------------------------------------------
Tests run: 30, Failures: 4, Errors: 5, Skipped: 0, Time elapsed: 76.60 s <<< FAILURE! -- in releases.Feb2026_Regression_DemoQA.ElementsPageRegressionTest
releases.Feb2026_Regression_DemoQA.ElementsPageRegressionTest.createNewRegisterOnWebTableWithSuccess -- Time elapsed: 11.74 s <<< FAILURE!
org.opentest4j.AssertionFailedError: Expected new register to be present in the web table ==> expected: not <null>
	at org.junit.jupiter.api.AssertionFailureBuilder.build(AssertionFailureBuilder.java:159)
	at org.junit.jupiter.api.AssertionFailureBuilder.buildAndThrow(AssertionFailureBuilder.java:139)
	at org.junit.jupiter.api.AssertNotNull.failNull(AssertNotNull.java:55)
	at org.junit.jupiter.api.AssertNotNull.assertNotNull(AssertNotNull.java:40)
	at org.junit.jupiter.api.Assertions.assertNotNull(Assertions.java:334)
	at releases.Feb2026_Regression_DemoQA.ElementsPageRegressionTest.lambda$createNewRegisterOnWebTableWithSuccess$8(ElementsPageRegressionTest.java:267)
	at io.qameta.allure.Allure.lambda$step$0(Allure.java:113)
	at io.qameta.allure.Allure.lambda$step$1(Allure.java:127)
	at io.qameta.allure.Allure.step(Allure.java:181)
	at io.qameta.allure.Allure.step(Allure.java:125)
	at io.qameta.allure.Allure.step(Allure.java:112)
	at releases.Feb2026_Regression_DemoQA.ElementsPageRegressionTest.createNewRegisterOnWebTableWithSuccess(ElementsPageRegressionTest.java:266)

releases.Feb2026_Regression_DemoQA.ElementsPageRegressionTest.clickOnSelectFileButtonSuccessfully -- Time elapsed: 3.070 s <<< ERROR!
com.microsoft.playwright.PlaywrightException: Cannot get absolute file path
	at com.microsoft.playwright.impl.Utils.resolvePathsAndDirectoryForInputFiles(Utils.java:148)
	at com.microsoft.playwright.impl.Utils.addFilePathUploadParams(Utils.java:108)
	at com.microsoft.playwright.impl.FrameImpl.setInputFilesImpl(FrameImpl.java:733)
	at com.microsoft.playwright.impl.FrameImpl.setInputFiles(FrameImpl.java:725)
	at com.microsoft.playwright.impl.FrameImpl.setInputFiles(FrameImpl.java:720)
	at com.microsoft.playwright.impl.LocatorImpl.setInputFiles(LocatorImpl.java:582)
	at com.microsoft.playwright.Locator.setInputFiles(Locator.java:5039)
	at apps.demoQA.pages.elements.UploadAndDownloadPage.uploadFileToSystem(UploadAndDownloadPage.java:21)
	at releases.Feb2026_Regression_DemoQA.ElementsPageRegressionTest.clickOnSelectFileButtonSuccessfully(ElementsPageRegressionTest.java:809)
Caused by: java.nio.file.NoSuchFileException: C:\Users\Lucas\Desktop\Repositorys\QA-Automation-Projects\Playwright\UIAutomationTeam\src\test\resources\UploadFiles\UploadTest.txt
	at java.base/sun.nio.fs.WindowsException.translateToIOException(WindowsException.java:85)
	at java.base/sun.nio.fs.WindowsException.rethrowAsIOException(WindowsException.java:96)
	at java.base/sun.nio.fs.WindowsLinkSupport.getRealPath(WindowsLinkSupport.java:258)
	at java.base/sun.nio.fs.WindowsPath.toRealPath(WindowsPath.java:933)
	at java.base/sun.nio.fs.WindowsPath.toRealPath(WindowsPath.java:42)
	at com.microsoft.playwright.impl.Utils.resolvePathsAndDirectoryForInputFiles(Utils.java:144)
	... 8 more

releases.Feb2026_Regression_DemoQA.ElementsPageRegressionTest.verifyNotBrokenImage -- Time elapsed: 2.854 s <<< FAILURE!
org.opentest4j.AssertionFailedError: expected: <true> but was: <false>
	at org.junit.jupiter.api.AssertionFailureBuilder.build(AssertionFailureBuilder.java:158)
	at org.junit.jupiter.api.AssertionFailureBuilder.buildAndThrow(AssertionFailureBuilder.java:139)
	at org.junit.jupiter.api.AssertTrue.failNotTrue(AssertTrue.java:69)
	at org.junit.jupiter.api.AssertTrue.assertTrue(AssertTrue.java:41)
	at org.junit.jupiter.api.AssertTrue.assertTrue(AssertTrue.java:35)
	at org.junit.jupiter.api.Assertions.assertTrue(Assertions.java:195)
	at releases.Feb2026_Regression_DemoQA.ElementsPageRegressionTest.lambda$verifyNotBrokenImage$0(ElementsPageRegressionTest.java:77)
	at io.qameta.allure.Allure.lambda$step$0(Allure.java:113)
	at io.qameta.allure.Allure.lambda$step$1(Allure.java:127)
	at io.qameta.allure.Allure.step(Allure.java:181)
	at io.qameta.allure.Allure.step(Allure.java:125)
	at io.qameta.allure.Allure.step(Allure.java:112)
	at releases.Feb2026_Regression_DemoQA.ElementsPageRegressionTest.verifyNotBrokenImage(ElementsPageRegressionTest.java:76)

releases.Feb2026_Regression_DemoQA.ElementsPageRegressionTest.updateRegisterOnWebTableWithSuccess -- Time elapsed: 2.677 s <<< FAILURE!
java.lang.AssertionError: Row not found for register: apps.demoQA.models.elements.WebTablesRegister@512e4f17
	at apps.demoQA.pages.elements.WebTablesPage.clickEditOnRow(WebTablesPage.java:88)
	at releases.Feb2026_Regression_DemoQA.ElementsPageRegressionTest.updateRegisterOnWebTableWithSuccess(ElementsPageRegressionTest.java:299)

releases.Feb2026_Regression_DemoQA.ElementsPageRegressionTest.checkHomeFolderSuccessfully -- Time elapsed: 33.00 s <<< ERROR!
com.microsoft.playwright.TimeoutError: 
Error {
  message='Timeout 30000ms exceeded.
  name='TimeoutError
  stack='TimeoutError: Timeout 30000ms exceeded.
    at ProgressController.run (/root/.npm/_npx/520e866687cefe78/node_modules/playwright-core/lib/server/progress.js:86:28)
    at FrameDispatcher._runCommand (/root/.npm/_npx/520e866687cefe78/node_modules/playwright-core/lib/server/dispatchers/dispatcher.js:91:31)
    at DispatcherConnection.dispatch (/root/.npm/_npx/520e866687cefe78/node_modules/playwright-core/lib/server/dispatchers/dispatcher.js:325:39)
    at process.processTicksAndRejections (node:internal/process/task_queues:103:5)
}
Call log:
-   - waiting for getByRole(AriaRole.BUTTON, new Page.GetByRoleOptions().setName("Expand all"))

	at com.microsoft.playwright.impl.WaitableResult.get(WaitableResult.java:52)
	at com.microsoft.playwright.impl.ChannelOwner.runUntil(ChannelOwner.java:138)
	at com.microsoft.playwright.impl.Connection.sendMessage(Connection.java:131)
	at com.microsoft.playwright.impl.ChannelOwner.sendMessage(ChannelOwner.java:124)
	at com.microsoft.playwright.impl.FrameImpl.clickImpl(FrameImpl.java:244)
	at com.microsoft.playwright.impl.LocatorImpl.click(LocatorImpl.java:164)
	at com.microsoft.playwright.Locator.click(Locator.java:2543)
	at apps.demoQA.pages.elements.CheckBoxPage.expandAllFolders(CheckBoxPage.java:16)
	at releases.Feb2026_Regression_DemoQA.ElementsPageRegressionTest.checkHomeFolderSuccessfully(ElementsPageRegressionTest.java:352)
Caused by: com.microsoft.playwright.TimeoutError: Error {
  message='Timeout 30000ms exceeded.
  name='TimeoutError
  stack='TimeoutError: Timeout 30000ms exceeded.
    at ProgressController.run (/root/.npm/_npx/520e866687cefe78/node_modules/playwright-core/lib/server/progress.js:86:28)
    at FrameDispatcher._runCommand (/root/.npm/_npx/520e866687cefe78/node_modules/playwright-core/lib/server/dispatchers/dispatcher.js:91:31)
    at DispatcherConnection.dispatch (/root/.npm/_npx/520e866687cefe78/node_modules/playwright-core/lib/server/dispatchers/dispatcher.js:325:39)
    at process.processTicksAndRejections (node:internal/process/task_queues:103:5)
}
Call log:
-   - waiting for getByRole(AriaRole.BUTTON, new Page.GetByRoleOptions().setName("Expand all"))

	at com.microsoft.playwright.impl.Connection.dispatch(Connection.java:257)
	at com.microsoft.playwright.impl.Connection.processOneMessage(Connection.java:214)
	at com.microsoft.playwright.impl.ChannelOwner.runUntil(ChannelOwner.java:136)
	... 7 more

releases.Feb2026_Regression_DemoQA.ElementsPageRegressionTest.checkDesktopFolderSuccessfully -- Time elapsed: 32.91 s <<< ERROR!
com.microsoft.playwright.TimeoutError: 
Error {
  message='Timeout 30000ms exceeded.
  name='TimeoutError
  stack='TimeoutError: Timeout 30000ms exceeded.
    at ProgressController.run (/root/.npm/_npx/520e866687cefe78/node_modules/playwright-core/lib/server/progress.js:86:28)
    at FrameDispatcher._runCommand (/root/.npm/_npx/520e866687cefe78/node_modules/playwright-core/lib/server/dispatchers/dispatcher.js:91:31)
    at DispatcherConnection.dispatch (/root/.npm/_npx/520e866687cefe78/node_modules/playwright-core/lib/server/dispatchers/dispatcher.js:325:39)
    at process.processTicksAndRejections (node:internal/process/task_queues:103:5)
}
Call log:
-   - waiting for getByRole(AriaRole.BUTTON, new Page.GetByRoleOptions().setName("Expand all"))

	at com.microsoft.playwright.impl.WaitableResult.get(WaitableResult.java:52)
	at com.microsoft.playwright.impl.ChannelOwner.runUntil(ChannelOwner.java:138)
	at com.microsoft.playwright.impl.Connection.sendMessage(Connection.java:131)
	at com.microsoft.playwright.impl.ChannelOwner.sendMessage(ChannelOwner.java:124)
	at com.microsoft.playwright.impl.FrameImpl.clickImpl(FrameImpl.java:244)
	at com.microsoft.playwright.impl.LocatorImpl.click(LocatorImpl.java:164)
	at com.microsoft.playwright.Locator.click(Locator.java:2543)
	at apps.demoQA.pages.elements.CheckBoxPage.expandAllFolders(CheckBoxPage.java:16)
	at releases.Feb2026_Regression_DemoQA.ElementsPageRegressionTest.checkDesktopFolderSuccessfully(ElementsPageRegressionTest.java:378)
Caused by: com.microsoft.playwright.TimeoutError: Error {
  message='Timeout 30000ms exceeded.
  name='TimeoutError
  stack='TimeoutError: Timeout 30000ms exceeded.
    at ProgressController.run (/root/.npm/_npx/520e866687cefe78/node_modules/playwright-core/lib/server/progress.js:86:28)
    at FrameDispatcher._runCommand (/root/.npm/_npx/520e866687cefe78/node_modules/playwright-core/lib/server/dispatchers/dispatcher.js:91:31)
    at DispatcherConnection.dispatch (/root/.npm/_npx/520e866687cefe78/node_modules/playwright-core/lib/server/dispatchers/dispatcher.js:325:39)
    at process.processTicksAndRejections (node:internal/process/task_queues:103:5)
}
Call log:
-   - waiting for getByRole(AriaRole.BUTTON, new Page.GetByRoleOptions().setName("Expand all"))

	at com.microsoft.playwright.impl.Connection.dispatch(Connection.java:257)
	at com.microsoft.playwright.impl.Connection.processOneMessage(Connection.java:214)
	at com.microsoft.playwright.impl.ChannelOwner.runUntil(ChannelOwner.java:136)
	... 7 more

releases.Feb2026_Regression_DemoQA.ElementsPageRegressionTest.removeRegisterOnWebTableWithSuccess -- Time elapsed: 2.667 s <<< FAILURE!
java.lang.AssertionError: Row not found for register: apps.demoQA.models.elements.WebTablesRegister@3f1f0817
	at apps.demoQA.pages.elements.WebTablesPage.clickDeleteOnRow(WebTablesPage.java:99)
	at releases.Feb2026_Regression_DemoQA.ElementsPageRegressionTest.removeRegisterOnWebTableWithSuccess(ElementsPageRegressionTest.java:329)

releases.Feb2026_Regression_DemoQA.ElementsPageRegressionTest.checkDocumentsAndUncheckOfficeFolderWithSuccess -- Time elapsed: 32.76 s <<< ERROR!
com.microsoft.playwright.TimeoutError: 
Error {
  message='Timeout 30000ms exceeded.
  name='TimeoutError
  stack='TimeoutError: Timeout 30000ms exceeded.
    at ProgressController.run (/root/.npm/_npx/520e866687cefe78/node_modules/playwright-core/lib/server/progress.js:86:28)
    at FrameDispatcher._runCommand (/root/.npm/_npx/520e866687cefe78/node_modules/playwright-core/lib/server/dispatchers/dispatcher.js:91:31)
    at DispatcherConnection.dispatch (/root/.npm/_npx/520e866687cefe78/node_modules/playwright-core/lib/server/dispatchers/dispatcher.js:325:39)
    at process.processTicksAndRejections (node:internal/process/task_queues:103:5)
}
Call log:
-   - waiting for getByRole(AriaRole.BUTTON, new Page.GetByRoleOptions().setName("Expand all"))

	at com.microsoft.playwright.impl.WaitableResult.get(WaitableResult.java:52)
	at com.microsoft.playwright.impl.ChannelOwner.runUntil(ChannelOwner.java:138)
	at com.microsoft.playwright.impl.Connection.sendMessage(Connection.java:131)
	at com.microsoft.playwright.impl.ChannelOwner.sendMessage(ChannelOwner.java:124)
	at com.microsoft.playwright.impl.FrameImpl.clickImpl(FrameImpl.java:244)
	at com.microsoft.playwright.impl.LocatorImpl.click(LocatorImpl.java:164)
	at com.microsoft.playwright.Locator.click(Locator.java:2543)
	at apps.demoQA.pages.elements.CheckBoxPage.expandAllFolders(CheckBoxPage.java:16)
	at releases.Feb2026_Regression_DemoQA.ElementsPageRegressionTest.checkDocumentsAndUncheckOfficeFolderWithSuccess(ElementsPageRegressionTest.java:409)
Caused by: com.microsoft.playwright.TimeoutError: Error {
  message='Timeout 30000ms exceeded.
  name='TimeoutError
  stack='TimeoutError: Timeout 30000ms exceeded.
    at ProgressController.run (/root/.npm/_npx/520e866687cefe78/node_modules/playwright-core/lib/server/progress.js:86:28)
    at FrameDispatcher._runCommand (/root/.npm/_npx/520e866687cefe78/node_modules/playwright-core/lib/server/dispatchers/dispatcher.js:91:31)
    at DispatcherConnection.dispatch (/root/.npm/_npx/520e866687cefe78/node_modules/playwright-core/lib/server/dispatchers/dispatcher.js:325:39)
    at process.processTicksAndRejections (node:internal/process/task_queues:103:5)
}
Call log:
-   - waiting for getByRole(AriaRole.BUTTON, new Page.GetByRoleOptions().setName("Expand all"))

	at com.microsoft.playwright.impl.Connection.dispatch(Connection.java:257)
	at com.microsoft.playwright.impl.Connection.processOneMessage(Connection.java:214)
	at com.microsoft.playwright.impl.ChannelOwner.runUntil(ChannelOwner.java:136)
	... 7 more

releases.Feb2026_Regression_DemoQA.ElementsPageRegressionTest.checkWordFileDocWithSuccess -- Time elapsed: 32.70 s <<< ERROR!
com.microsoft.playwright.TimeoutError: 
Error {
  message='Timeout 30000ms exceeded.
  name='TimeoutError
  stack='TimeoutError: Timeout 30000ms exceeded.
    at ProgressController.run (/root/.npm/_npx/520e866687cefe78/node_modules/playwright-core/lib/server/progress.js:86:28)
    at FrameDispatcher._runCommand (/root/.npm/_npx/520e866687cefe78/node_modules/playwright-core/lib/server/dispatchers/dispatcher.js:91:31)
    at DispatcherConnection.dispatch (/root/.npm/_npx/520e866687cefe78/node_modules/playwright-core/lib/server/dispatchers/dispatcher.js:325:39)
    at process.processTicksAndRejections (node:internal/process/task_queues:103:5)
}
Call log:
-   - waiting for getByRole(AriaRole.BUTTON, new Page.GetByRoleOptions().setName("Expand all"))

	at com.microsoft.playwright.impl.WaitableResult.get(WaitableResult.java:52)
	at com.microsoft.playwright.impl.ChannelOwner.runUntil(ChannelOwner.java:138)
	at com.microsoft.playwright.impl.Connection.sendMessage(Connection.java:131)
	at com.microsoft.playwright.impl.ChannelOwner.sendMessage(ChannelOwner.java:124)
	at com.microsoft.playwright.impl.FrameImpl.clickImpl(FrameImpl.java:244)
	at com.microsoft.playwright.impl.LocatorImpl.click(LocatorImpl.java:164)
	at com.microsoft.playwright.Locator.click(Locator.java:2543)
	at apps.demoQA.pages.elements.CheckBoxPage.expandAllFolders(CheckBoxPage.java:16)
	at releases.Feb2026_Regression_DemoQA.ElementsPageRegressionTest.checkWordFileDocWithSuccess(ElementsPageRegressionTest.java:442)
Caused by: com.microsoft.playwright.TimeoutError: Error {
  message='Timeout 30000ms exceeded.
  name='TimeoutError
  stack='TimeoutError: Timeout 30000ms exceeded.
    at ProgressController.run (/root/.npm/_npx/520e866687cefe78/node_modules/playwright-core/lib/server/progress.js:86:28)
    at FrameDispatcher._runCommand (/root/.npm/_npx/520e866687cefe78/node_modules/playwright-core/lib/server/dispatchers/dispatcher.js:91:31)
    at DispatcherConnection.dispatch (/root/.npm/_npx/520e866687cefe78/node_modules/playwright-core/lib/server/dispatchers/dispatcher.js:325:39)
    at process.processTicksAndRejections (node:internal/process/task_queues:103:5)
}
Call log:
-   - waiting for getByRole(AriaRole.BUTTON, new Page.GetByRoleOptions().setName("Expand all"))

	at com.microsoft.playwright.impl.Connection.dispatch(Connection.java:257)
	at com.microsoft.playwright.impl.Connection.processOneMessage(Connection.java:214)
	at com.microsoft.playwright.impl.ChannelOwner.runUntil(ChannelOwner.java:136)
	... 7 more

