<?xml version="1.0" encoding="UTF-8"?>
<testsuite xmlns:xsi="http://www.w3.org/2001/XMLSchema-instance" xsi:noNamespaceSchemaLocation="https://maven.apache.org/surefire/maven-surefire-plugin/xsd/surefire-test-report-3.0.xsd" version="3.0" name="releases.Feb2026_Regression_DemoQA.ElementsPageRegressionTest" time="76.603" tests="30" errors="5" skipped="0" failures="4">
  <properties>
[...]
</properties>
  <testcase name="clickOnMovedLinkSuccessfully" classname="releases.Feb2026_Regression_DemoQA.ElementsPageRegressionTest" time="10.46"/>
  <testcase name="clickOnDynamicLinkSuccessfully" classname="releases.Feb2026_Regression_DemoQA.ElementsPageRegressionTest" time="11.135"/>
  <testcase name="createNewRegisterOnWebTableWithSuccess" classname="releases.Feb2026_Regression_DemoQA.ElementsPageRegressionTest" time="11.737">
    <failure message="Expected new register to be present in the web table ==&gt; expected: not &lt;null&gt;" type="org.opentest4j.AssertionFailedError"><![CDATA[org.opentest4j.AssertionFailedError: Expected new register to be present in the web table ==> expected: not <null>
	at org.junit.jupiter.api.AssertionFailureBuilder.build(AssertionFailureBuilder.java:159)
	at org.junit.jupiter.api.AssertionFailureBuilder.buildAndThrow(AssertionFailureBuilder.java:139)
	at org.junit.jupiter.api.AssertNotNull.failNull(AssertNotNull.java:55)
	at org.junit.jupiter.api.AssertNotNull.assertNotNull(AssertNotNull.java:40)
	at org.junit.jupiter.api.Assertions.assertNotNull(Assertions.java:334)
	at releases.Feb2026_Regression_DemoQA.ElementsPageRegressionTest.lambda$createNewRegisterOnWebTableWithSuccess$8(ElementsPageRegressionTest.java:267)
	at io.qameta.allure.Allure.lambda$step$0(Allure.java:113)
	at io.qameta.allure.Allure.lambda$step$1(Allure.java:127)
	at io.qameta.allure.Allure.step(Allure.java:181)
	at io.qameta.allure.Allure.step(Allure.java:125)
	at io.qameta.allure.Allure.step(Allure.java:112)
	at releases.Feb2026_Regression_DemoQA.ElementsPageRegressionTest.createNewRegisterOnWebTableWithSuccess(ElementsPageRegressionTest.java:266)
]]></failure>
  </testcase>
  <testcase name="clickOnSelectFileButtonSuccessfully" classname="releases.Feb2026_Regression_DemoQA.ElementsPageRegressionTest" time="3.07">
    <error message="Cannot get absolute file path" type="com.microsoft.playwright.PlaywrightException"><![CDATA[com.microsoft.playwright.PlaywrightException: Cannot get absolute file path
	at com.microsoft.playwright.impl.Utils.resolvePathsAndDirectoryForInputFiles(Utils.java:148)
	at com.microsoft.playwright.impl.Utils.addFilePathUploadParams(Utils.java:108)
	at com.microsoft.playwright.impl.FrameImpl.setInputFilesImpl(FrameImpl.java:733)
	at com.microsoft.playwright.impl.FrameImpl.setInputFiles(FrameImpl.java:725)
	at com.microsoft.playwright.impl.FrameImpl.setInputFiles(FrameImpl.java:720)
	at com.microsoft.playwright.impl.LocatorImpl.setInputFiles(LocatorImpl.java:582)
	at com.microsoft.playwright.Locator.setInputFiles(Locator.java:5039)
	at apps.demoQA.pages.elements.UploadAndDownloadPage.uploadFileToSystem(UploadAndDownloadPage.java:21)
	at releases.Feb2026_Regression_DemoQA.ElementsPageRegressionTest.clickOnSelectFileButtonSuccessfully(ElementsPageRegressionTest.java:809)
Caused by: java.nio.file.NoSuchFileException: C:\Users\Lucas\Desktop\Repositorys\QA-Automation-Projects\Playwright\UIAutomationTeam\src\test\resources\UploadFiles\UploadTest.txt
	at java.base/sun.nio.fs.WindowsException.translateToIOException(WindowsException.java:85)
	at java.base/sun.nio.fs.WindowsException.rethrowAsIOException(WindowsException.java:96)
	at java.base/sun.nio.fs.WindowsLinkSupport.getRealPath(WindowsLinkSupport.java:258)
	at java.base/sun.nio.fs.WindowsPath.toRealPath(WindowsPath.java:933)
	at java.base/sun.nio.fs.WindowsPath.toRealPath(WindowsPath.java:42)
	at com.microsoft.playwright.impl.Utils.resolvePathsAndDirectoryForInputFiles(Utils.java:144)
	... 8 more
]]></error>
  </testcase>
  <testcase name="verifyAfter5SecondsButtonShouldBeVisible" classname="releases.Feb2026_Regression_DemoQA.ElementsPageRegressionTest" time="14.447"/>
  <testcase name="verifyDisabledRadioButtonCannotBeSelected" classname="releases.Feb2026_Regression_DemoQA.ElementsPageRegressionTest" time="3.174"/>
  <testcase name="clickOnDonwloadButtonSuccessfully" classname="releases.Feb2026_Regression_DemoQA.ElementsPageRegressionTest" time="2.988"/>
  <testcase name="clickOnHomeLinkSuccessfully" classname="releases.Feb2026_Regression_DemoQA.ElementsPageRegressionTest" time="4.183"/>
  <testcase name="clickOnBadRequestLinkSuccessfully" classname="releases.Feb2026_Regression_DemoQA.ElementsPageRegressionTest" time="3.308"/>
  <testcase name="fillTheTextBoxFormAndSubmitWithSuccess(String, String, String, String)[1]" classname="releases.Feb2026_Regression_DemoQA.ElementsPageRegressionTest" time="3.113"/>
  <testcase name="clickOnNotFoundLinkSuccessfully" classname="releases.Feb2026_Regression_DemoQA.ElementsPageRegressionTest" time="3.014"/>
  <testcase name="fillTheTextBoxFormAndSubmitWithSuccess(String, String, String, String)[3]" classname="releases.Feb2026_Regression_DemoQA.ElementsPageRegressionTest" time="2.969"/>
  <testcase name="clickOnUnauthorizedLinkSuccessfully" classname="releases.Feb2026_Regression_DemoQA.ElementsPageRegressionTest" time="3.083"/>
  <testcase name="fillTheTextBoxFormAndSubmitWithSuccess(String, String, String, String)[2]" classname="releases.Feb2026_Regression_DemoQA.ElementsPageRegressionTest" time="2.927"/>
  <testcase name="verifyNotBrokenImage" classname="releases.Feb2026_Regression_DemoQA.ElementsPageRegressionTest" time="2.854">
    <failure message="expected: &lt;true&gt; but was: &lt;false&gt;" type="org.opentest4j.AssertionFailedError"><![CDATA[org.opentest4j.AssertionFailedError: expected: <true> but was: <false>
	at org.junit.jupiter.api.AssertionFailureBuilder.build(AssertionFailureBuilder.java:158)
	at org.junit.jupiter.api.AssertionFailureBuilder.buildAndThrow(AssertionFailureBuilder.java:139)
	at org.junit.jupiter.api.AssertTrue.failNotTrue(AssertTrue.java:69)
	at org.junit.jupiter.api.AssertTrue.assertTrue(AssertTrue.java:41)
	at org.junit.jupiter.api.AssertTrue.assertTrue(AssertTrue.java:35)
	at org.junit.jupiter.api.Assertions.assertTrue(Assertions.java:195)
	at releases.Feb2026_Regression_DemoQA.ElementsPageRegressionTest.lambda$verifyNotBrokenImage$0(ElementsPageRegressionTest.java:77)
	at io.qameta.allure.Allure.lambda$step$0(Allure.java:113)
	at io.qameta.allure.Allure.lambda$step$1(Allure.java:127)
	at io.qameta.allure.Allure.step(Allure.java:181)
	at io.qameta.allure.Allure.step(Allure.java:125)
	at io.qameta.allure.Allure.step(Allure.java:112)
	at releases.Feb2026_Regression_DemoQA.ElementsPageRegressionTest.verifyNotBrokenImage(ElementsPageRegressionTest.java:76)
]]></failure>
  </testcase>
  <testcase name="selectOneOfTheRadioButtonSuccessfully" classname="releases.Feb2026_Regression_DemoQA.ElementsPageRegressionTest" time="3.401"/>
  <testcase name="updateRegisterOnWebTableWithSuccess" classname="releases.Feb2026_Regression_DemoQA.ElementsPageRegressionTest" time="2.677">
    <failure message="Row not found for register: apps.demoQA.models.elements.WebTablesRegister@512e4f17" type="java.lang.AssertionError"><![CDATA[java.lang.AssertionError: Row not found for register: apps.demoQA.models.elements.WebTablesRegister@512e4f17
	at apps.demoQA.pages.elements.WebTablesPage.clickEditOnRow(WebTablesPage.java:88)
	at releases.Feb2026_Regression_DemoQA.ElementsPageRegressionTest.updateRegisterOnWebTableWithSuccess(ElementsPageRegressionTest.java:299)
]]></failure>
  </testcase>
  <testcase name="clickOnNoContentLinkSuccessfully" classname="releases.Feb2026_Regression_DemoQA.ElementsPageRegressionTest" time="3.659"/>
  <testcase name="rightClickOnRightClickMeButton" classname="releases.Feb2026_Regression_DemoQA.ElementsPageRegressionTest" time="2.977"/>
  <testcase name="checkHomeFolderSuccessfully" classname="releases.Feb2026_Regression_DemoQA.ElementsPageRegressionTest" time="33.002">
    <error message="Error {&#10;  message=&apos;Timeout 30000ms exceeded.&#10;  name=&apos;TimeoutError&#10;  stack=&apos;TimeoutError: Timeout 30000ms exceeded.&#10;    at ProgressController.run (/root/.npm/_npx/520e866687cefe78/node_modules/playwright-core/lib/server/progress.js:86:28)&#10;    at FrameDispatcher._runCommand (/root/.npm/_npx/520e866687cefe78/node_modules/playwright-core/lib/server/dispatchers/dispatcher.js:91:31)&#10;    at DispatcherConnection.dispatch (/root/.npm/_npx/520e866687cefe78/node_modules/playwright-core/lib/server/dispatchers/dispatcher.js:325:39)&#10;    at process.processTicksAndRejections (node:internal/process/task_queues:103:5)&#10;}&#10;Call log:&#10;-   - waiting for getByRole(AriaRole.BUTTON, new Page.GetByRoleOptions().setName(&quot;Expand all&quot;))&#10;" type="com.microsoft.playwright.TimeoutError"><![CDATA[com.microsoft.playwright.TimeoutError: 
Error {
  message='Timeout 30000ms exceeded.
  name='TimeoutError
  stack='TimeoutError: Timeout 30000ms exceeded.
    at ProgressController.run (/root/.npm/_npx/520e866687cefe78/node_modules/playwright-core/lib/server/progress.js:86:28)
    at FrameDispatcher._runCommand (/root/.npm/_npx/520e866687cefe78/node_modules/playwright-core/lib/server/dispatchers/dispatcher.js:91:31)
    at DispatcherConnection.dispatch (/root/.npm/_npx/520e866687cefe78/node_modules/playwright-core/lib/server/dispatchers/dispatcher.js:325:39)
    at process.processTicksAndRejections (node:internal/process/task_queues:103:5)
}
Call log:
-   - waiting for getByRole(AriaRole.BUTTON, new Page.GetByRoleOptions().setName("Expand all"))

	at com.microsoft.playwright.impl.WaitableResult.get(WaitableResult.java:52)
	at com.microsoft.playwright.impl.ChannelOwner.runUntil(ChannelOwner.java:138)
	at com.microsoft.playwright.impl.Connection.sendMessage(Connection.java:131)
	at com.microsoft.playwright.impl.ChannelOwner.sendMessage(ChannelOwner.java:124)
	at com.microsoft.playwright.impl.FrameImpl.clickImpl(FrameImpl.java:244)
	at com.microsoft.playwright.impl.LocatorImpl.click(LocatorImpl.java:164)
	at com.microsoft.playwright.Locator.click(Locator.java:2543)
	at apps.demoQA.pages.elements.CheckBoxPage.expandAllFolders(CheckBoxPage.java:16)
	at releases.Feb2026_Regression_DemoQA.ElementsPageRegressionTest.checkHomeFolderSuccessfully(ElementsPageRegressionTest.java:352)
Caused by: com.microsoft.playwright.TimeoutError: Error {
  message='Timeout 30000ms exceeded.
  name='TimeoutError
  stack='TimeoutError: Timeout 30000ms exceeded.
    at ProgressController.run (/root/.npm/_npx/520e866687cefe78/node_modules/playwright-core/lib/server/progress.js:86:28)
    at FrameDispatcher._runCommand (/root/.npm/_npx/520e866687cefe78/node_modules/playwright-core/lib/server/dispatchers/dispatcher.js:91:31)
    at DispatcherConnection.dispatch (/root/.npm/_npx/520e866687cefe78/node_modules/playwright-core/lib/server/dispatchers/dispatcher.js:325:39)
    at process.processTicksAndRejections (node:internal/process/task_queues:103:5)
}
Call log:
-   - waiting for getByRole(AriaRole.BUTTON, new Page.GetByRoleOptions().setName("Expand all"))

	at com.microsoft.playwright.impl.Connection.dispatch(Connection.java:257)
	at com.microsoft.playwright.impl.Connection.processOneMessage(Connection.java:214)
	at com.microsoft.playwright.impl.ChannelOwner.runUntil(ChannelOwner.java:136)
	... 7 more
]]></error>
  </testcase>
  <testcase name="veriyColorChangeAtColorChangeButton" classname="releases.Feb2026_Regression_DemoQA.ElementsPageRegressionTest" time="8.704"/>
  <testcase name="checkDesktopFolderSuccessfully" classname="releases.Feb2026_Regression_DemoQA.ElementsPageRegressionTest" time="32.908">
    <error message="Error {&#10;  message=&apos;Timeout 30000ms exceeded.&#10;  name=&apos;TimeoutError&#10;  stack=&apos;TimeoutError: Timeout 30000ms exceeded.&#10;    at ProgressController.run (/root/.npm/_npx/520e866687cefe78/node_modules/playwright-core/lib/server/progress.js:86:28)&#10;    at FrameDispatcher._runCommand (/root/.npm/_npx/520e866687cefe78/node_modules/playwright-core/lib/server/dispatchers/dispatcher.js:91:31)&#10;    at DispatcherConnection.dispatch (/root/.npm/_npx/520e866687cefe78/node_modules/playwright-core/lib/server/dispatchers/dispatcher.js:325:39)&#10;    at process.processTicksAndRejections (node:internal/process/task_queues:103:5)&#10;}&#10;Call log:&#10;-   - waiting for getByRole(AriaRole.BUTTON, new Page.GetByRoleOptions().setName(&quot;Expand all&quot;))&#10;" type="com.microsoft.playwright.TimeoutError"><![CDATA[com.microsoft.playwright.TimeoutError: 
Error {
  message='Timeout 30000ms exceeded.
  name='TimeoutError
  stack='TimeoutError: Timeout 30000ms exceeded.
    at ProgressController.run (/root/.npm/_npx/520e866687cefe78/node_modules/playwright-core/lib/server/progress.js:86:28)
    at FrameDispatcher._runCommand (/root/.npm/_npx/520e866687cefe78/node_modules/playwright-core/lib/server/dispatchers/dispatcher.js:91:31)
    at DispatcherConnection.dispatch (/root/.npm/_npx/520e866687cefe78/node_modules/playwright-core/lib/server/dispatchers/dispatcher.js:325:39)
    at process.processTicksAndRejections (node:internal/process/task_queues:103:5)
}
Call log:
-   - waiting for getByRole(AriaRole.BUTTON, new Page.GetByRoleOptions().setName("Expand all"))

	at com.microsoft.playwright.impl.WaitableResult.get(WaitableResult.java:52)
	at com.microsoft.playwright.impl.ChannelOwner.runUntil(ChannelOwner.java:138)
	at com.microsoft.playwright.impl.Connection.sendMessage(Connection.java:131)
	at com.microsoft.playwright.impl.ChannelOwner.sendMessage(ChannelOwner.java:124)
	at com.microsoft.playwright.impl.FrameImpl.clickImpl(FrameImpl.java:244)
	at com.microsoft.playwright.impl.LocatorImpl.click(LocatorImpl.java:164)
	at com.microsoft.playwright.Locator.click(Locator.java:2543)
	at apps.demoQA.pages.elements.CheckBoxPage.expandAllFolders(CheckBoxPage.java:16)
	at releases.Feb2026_Regression_DemoQA.ElementsPageRegressionTest.checkDesktopFolderSuccessfully(ElementsPageRegressionTest.java:378)
Caused by: com.microsoft.playwright.TimeoutError: Error {
  message='Timeout 30000ms exceeded.
  name='TimeoutError
  stack='TimeoutError: Timeout 30000ms exceeded.
    at ProgressController.run (/root/.npm/_npx/520e866687cefe78/node_modules/playwright-core/lib/server/progress.js:86:28)
    at FrameDispatcher._runCommand (/root/.npm/_npx/520e866687cefe78/node_modules/playwright-core/lib/server/dispatchers/dispatcher.js:91:31)
    at DispatcherConnection.dispatch (/root/.npm/_npx/520e866687cefe78/node_modules/playwright-core/lib/server/dispatchers/dispatcher.js:325:39)
    at process.processTicksAndRejections (node:internal/process/task_queues:103:5)
}
Call log:
-   - waiting for getByRole(AriaRole.BUTTON, new Page.GetByRoleOptions().setName("Expand all"))

	at com.microsoft.playwright.impl.Connection.dispatch(Connection.java:257)
	at com.microsoft.playwright.impl.Connection.processOneMessage(Connection.java:214)
	at com.microsoft.playwright.impl.ChannelOwner.runUntil(ChannelOwner.java:136)
	... 7 more
]]></error>
  </testcase>
  <testcase name="dynamicClickOnClickMeButton" classname="releases.Feb2026_Regression_DemoQA.ElementsPageRegressionTest" time="2.845"/>
  <testcase name="doubleClickOnDoubleClickMeButton" classname="releases.Feb2026_Regression_DemoQA.ElementsPageRegressionTest" time="2.769"/>
  <testcase name="verifyTheRandomIdText" classname="releases.Feb2026_Regression_DemoQA.ElementsPageRegressionTest" time="3.287"/>
  <testcase name="removeRegisterOnWebTableWithSuccess" classname="releases.Feb2026_Regression_DemoQA.ElementsPageRegressionTest" time="2.667">
    <failure message="Row not found for register: apps.demoQA.models.elements.WebTablesRegister@3f1f0817" type="java.lang.AssertionError"><![CDATA[java.lang.AssertionError: Row not found for register: apps.demoQA.models.elements.WebTablesRegister@3f1f0817
	at apps.demoQA.pages.elements.WebTablesPage.clickDeleteOnRow(WebTablesPage.java:99)
	at releases.Feb2026_Regression_DemoQA.ElementsPageRegressionTest.removeRegisterOnWebTableWithSuccess(ElementsPageRegressionTest.java:329)
]]></failure>
  </testcase>
  <testcase name="verifyAfter5SecondsButtonShouldBeEnabled" classname="releases.Feb2026_Regression_DemoQA.ElementsPageRegressionTest" time="9.801"/>
  <testcase name="clickOnCreatedLinkSuccessfully" classname="releases.Feb2026_Regression_DemoQA.ElementsPageRegressionTest" time="3.054"/>
  <testcase name="checkDocumentsAndUncheckOfficeFolderWithSuccess" classname="releases.Feb2026_Regression_DemoQA.ElementsPageRegressionTest" time="32.756">
    <error message="Error {&#10;  message=&apos;Timeout 30000ms exceeded.&#10;  name=&apos;TimeoutError&#10;  stack=&apos;TimeoutError: Timeout 30000ms exceeded.&#10;    at ProgressController.run (/root/.npm/_npx/520e866687cefe78/node_modules/playwright-core/lib/server/progress.js:86:28)&#10;    at FrameDispatcher._runCommand (/root/.npm/_npx/520e866687cefe78/node_modules/playwright-core/lib/server/dispatchers/dispatcher.js:91:31)&#10;    at DispatcherConnection.dispatch (/root/.npm/_npx/520e866687cefe78/node_modules/playwright-core/lib/server/dispatchers/dispatcher.js:325:39)&#10;    at process.processTicksAndRejections (node:internal/process/task_queues:103:5)&#10;}&#10;Call log:&#10;-   - waiting for getByRole(AriaRole.BUTTON, new Page.GetByRoleOptions().setName(&quot;Expand all&quot;))&#10;" type="com.microsoft.playwright.TimeoutError"><![CDATA[com.microsoft.playwright.TimeoutError: 
Error {
  message='Timeout 30000ms exceeded.
  name='TimeoutError
  stack='TimeoutError: Timeout 30000ms exceeded.
    at ProgressController.run (/root/.npm/_npx/520e866687cefe78/node_modules/playwright-core/lib/server/progress.js:86:28)
    at FrameDispatcher._runCommand (/root/.npm/_npx/520e866687cefe78/node_modules/playwright-core/lib/server/dispatchers/dispatcher.js:91:31)
    at DispatcherConnection.dispatch (/root/.npm/_npx/520e866687cefe78/node_modules/playwright-core/lib/server/dispatchers/dispatcher.js:325:39)
    at process.processTicksAndRejections (node:internal/process/task_queues:103:5)
}
Call log:
-   - waiting for getByRole(AriaRole.BUTTON, new Page.GetByRoleOptions().setName("Expand all"))

	at com.microsoft.playwright.impl.WaitableResult.get(WaitableResult.java:52)
	at com.microsoft.playwright.impl.ChannelOwner.runUntil(ChannelOwner.java:138)
	at com.microsoft.playwright.impl.Connection.sendMessage(Connection.java:131)
	at com.microsoft.playwright.impl.ChannelOwner.sendMessage(ChannelOwner.java:124)
	at com.microsoft.playwright.impl.FrameImpl.clickImpl(FrameImpl.java:244)
	at com.microsoft.playwright.impl.LocatorImpl.click(LocatorImpl.java:164)
	at com.microsoft.playwright.Locator.click(Locator.java:2543)
	at apps.demoQA.pages.elements.CheckBoxPage.expandAllFolders(CheckBoxPage.java:16)
	at releases.Feb2026_Regression_DemoQA.ElementsPageRegressionTest.checkDocumentsAndUncheckOfficeFolderWithSuccess(ElementsPageRegressionTest.java:409)
Caused by: com.microsoft.playwright.TimeoutError: Error {
  message='Timeout 30000ms exceeded.
  name='TimeoutError
  stack='TimeoutError: Timeout 30000ms exceeded.
    at ProgressController.run (/root/.npm/_npx/520e866687cefe78/node_modules/playwright-core/lib/server/progress.js:86:28)
    at FrameDispatcher._runCommand (/root/.npm/_npx/520e866687cefe78/node_modules/playwright-core/lib/server/dispatchers/dispatcher.js:91:31)
    at DispatcherConnection.dispatch (/root/.npm/_npx/520e866687cefe78/node_modules/playwright-core/lib/server/dispatchers/dispatcher.js:325:39)
    at process.processTicksAndRejections (node:internal/process/task_queues:103:5)
}
Call log:
-   - waiting for getByRole(AriaRole.BUTTON, new Page.GetByRoleOptions().setName("Expand all"))

	at com.microsoft.playwright.impl.Connection.dispatch(Connection.java:257)
	at com.microsoft.playwright.impl.Connection.processOneMessage(Connection.java:214)
	at com.microsoft.playwright.impl.ChannelOwner.runUntil(ChannelOwner.java:136)
	... 7 more
]]></error>
  </testcase>
  <testcase name="checkWordFileDocWithSuccess" classname="releases.Feb2026_Regression_DemoQA.ElementsPageRegressionTest" time="32.697">
    <error message="Error {&#10;  message=&apos;Timeout 30000ms exceeded.&#10;  name=&apos;TimeoutError&#10;  stack=&apos;TimeoutError: Timeout 30000ms exceeded.&#10;    at ProgressController.run (/root/.npm/_npx/520e866687cefe78/node_modules/playwright-core/lib/server/progress.js:86:28)&#10;    at FrameDispatcher._runCommand (/root/.npm/_npx/520e866687cefe78/node_modules/playwright-core/lib/server/dispatchers/dispatcher.js:91:31)&#10;    at DispatcherConnection.dispatch (/root/.npm/_npx/520e866687cefe78/node_modules/playwright-core/lib/server/dispatchers/dispatcher.js:325:39)&#10;    at process.processTicksAndRejections (node:internal/process/task_queues:103:5)&#10;}&#10;Call log:&#10;-   - waiting for getByRole(AriaRole.BUTTON, new Page.GetByRoleOptions().setName(&quot;Expand all&quot;))&#10;" type="com.microsoft.playwright.TimeoutError"><![CDATA[com.microsoft.playwright.TimeoutError: 
Error {
  message='Timeout 30000ms exceeded.
  name='TimeoutError
  stack='TimeoutError: Timeout 30000ms exceeded.
    at ProgressController.run (/root/.npm/_npx/520e866687cefe78/node_modules/playwright-core/lib/server/progress.js:86:28)
    at FrameDispatcher._runCommand (/root/.npm/_npx/520e866687cefe78/node_modules/playwright-core/lib/server/dispatchers/dispatcher.js:91:31)
    at DispatcherConnection.dispatch (/root/.npm/_npx/520e866687cefe78/node_modules/playwright-core/lib/server/dispatchers/dispatcher.js:325:39)
    at process.processTicksAndRejections (node:internal/process/task_queues:103:5)
}
Call log:
-   - waiting for getByRole(AriaRole.BUTTON, new Page.GetByRoleOptions().setName("Expand all"))

	at com.microsoft.playwright.impl.WaitableResult.get(WaitableResult.java:52)
	at com.microsoft.playwright.impl.ChannelOwner.runUntil(ChannelOwner.java:138)
	at com.microsoft.playwright.impl.Connection.sendMessage(Connection.java:131)
	at com.microsoft.playwright.impl.ChannelOwner.sendMessage(ChannelOwner.java:124)
	at com.microsoft.playwright.impl.FrameImpl.clickImpl(FrameImpl.java:244)
	at com.microsoft.playwright.impl.LocatorImpl.click(LocatorImpl.java:164)
	at com.microsoft.playwright.Locator.click(Locator.java:2543)
	at apps.demoQA.pages.elements.CheckBoxPage.expandAllFolders(CheckBoxPage.java:16)
	at releases.Feb2026_Regression_DemoQA.ElementsPageRegressionTest.checkWordFileDocWithSuccess(ElementsPageRegressionTest.java:442)
Caused by: com.microsoft.playwright.TimeoutError: Error {
  message='Timeout 30000ms exceeded.
  name='TimeoutError
  stack='TimeoutError: Timeout 30000ms exceeded.
    at ProgressController.run (/root/.npm/_npx/520e866687cefe78/node_modules/playwright-core/lib/server/progress.js:86:28)
    at FrameDispatcher._runCommand (/root/.npm/_npx/520e866687cefe78/node_modules/playwright-core/lib/server/dispatchers/dispatcher.js:91:31)
    at DispatcherConnection.dispatch (/root/.npm/_npx/520e866687cefe78/node_modules/playwright-core/lib/server/dispatchers/dispatcher.js:325:39)
    at process.processTicksAndRejections (node:internal/process/task_queues:103:5)
}
Call log:
-   - waiting for getByRole(AriaRole.BUTTON, new Page.GetByRoleOptions().setName("Expand all"))

	at com.microsoft.playwright.impl.Connection.dispatch(Connection.java:257)
	at com.microsoft.playwright.impl.Connection.processOneMessage(Connection.java:214)
	at com.microsoft.playwright.impl.ChannelOwner.runUntil(ChannelOwner.java:136)
	... 7 more
]]></error>
  </testcase>
</testsuite>